TN:
SF:src\router.ts
FN:18,(anonymous_0)
FN:26,(anonymous_1)
FNF:2
FNH:2
FNDA:4,(anonymous_0)
FNDA:5,(anonymous_1)
DA:1,2
DA:2,2
DA:3,2
DA:4,2
DA:6,2
DA:8,2
DA:10,2
DA:16,2
DA:18,4
DA:24,2
DA:26,5
DA:34,2
DA:39,2
DA:44,2
LF:14
LH:14
BRF:0
BRH:0
end_of_record
TN:
SF:src\server.ts
FN:8,connectDB
FN:30,(anonymous_2)
FNF:2
FNH:2
FNDA:2,connectDB
FNDA:1,(anonymous_2)
DA:1,2
DA:2,2
DA:3,2
DA:4,2
DA:9,2
DA:10,2
DA:11,1
DA:16,0
DA:20,2
DA:22,2
DA:25,2
DA:28,2
DA:30,2
DA:31,1
DA:35,2
LF:15
LH:14
BRF:0
BRH:0
end_of_record
TN:
SF:src\config\db.ts
FNF:0
FNH:0
DA:1,2
DA:2,2
DA:3,2
DA:5,2
DA:11,2
LF:5
LH:5
BRF:0
BRH:0
end_of_record
TN:
SF:src\handlers\product.ts
FN:6,(anonymous_1)
FN:25,(anonymous_2)
FN:38,(anonymous_3)
FN:51,(anonymous_4)
FN:70,(anonymous_5)
FN:85,(anonymous_6)
FNF:6
FNH:6
FNDA:1,(anonymous_1)
FNDA:2,(anonymous_2)
FNDA:2,(anonymous_3)
FNDA:2,(anonymous_4)
FNDA:2,(anonymous_5)
FNDA:2,(anonymous_6)
DA:3,2
DA:6,2
DA:15,1
DA:16,1
DA:17,1
DA:20,0
DA:25,2
DA:27,2
DA:28,2
DA:31,2
DA:38,2
DA:39,2
DA:40,2
DA:41,2
DA:42,2
DA:43,1
DA:45,1
DA:47,0
DA:51,2
DA:52,2
DA:54,2
DA:55,2
DA:56,2
DA:57,1
DA:59,1
DA:62,1
DA:66,0
DA:70,2
DA:71,2
DA:72,2
DA:73,2
DA:74,2
DA:75,1
DA:77,1
DA:78,1
DA:79,1
DA:85,2
DA:86,2
DA:87,2
DA:88,2
DA:89,1
DA:92,1
DA:94,1
LF:43
LH:40
BRDA:42,0,0,1
BRDA:42,0,1,1
BRDA:56,1,0,1
BRDA:56,1,1,1
BRDA:74,2,0,1
BRDA:74,2,1,1
BRDA:88,3,0,1
BRDA:88,3,1,1
BRF:8
BRH:8
end_of_record
TN:
SF:src\middleware\index.ts
FN:4,(anonymous_0)
FNF:1
FNH:1
FNDA:17,(anonymous_0)
DA:2,2
DA:4,2
DA:6,17
DA:7,17
DA:8,8
DA:10,9
LF:6
LH:6
BRDA:7,0,0,8
BRDA:7,0,1,9
BRF:2
BRH:2
end_of_record
TN:
SF:src\models\Product.model.ts
FNF:0
FNH:0
DA:1,2
DA:7,2
DA:12,2
DA:15,2
DA:19,2
DA:24,2
LF:6
LH:6
BRF:0
BRH:0
end_of_record
